<?xml version="1.0" encoding="UTF-8"?>
<testng-results ignored="0" total="1" passed="1" failed="0" skipped="0">
  <reporter-output>
  </reporter-output>
  <suite started-at="2023-12-20T20:29:20 EST" name="Default suite" finished-at="2023-12-20T20:29:20 EST" duration-ms="91">
    <groups>
    </groups>
    <test started-at="2023-12-20T20:29:20 EST" name="Default test" finished-at="2023-12-20T20:29:20 EST" duration-ms="91">
      <class name="com.tutorialsninja_testcases.StudentInfo">
        <test-method signature="myInfo()[pri:0, instance:com.tutorialsninja_testcases.StudentInfo@5ab956d7]" started-at="2023-12-20T20:29:20 EST" name="myInfo" finished-at="2023-12-20T20:29:20 EST" duration-ms="16" status="PASS">
          <reporter-output>
          </reporter-output>
        </test-method> <!-- myInfo -->
      </class> <!-- com.tutorialsninja_testcases.StudentInfo -->
    </test> <!-- Default test -->
  </suite> <!-- Default suite -->
</testng-results>
